<?xml version="1.0" encoding="UTF-8"?>
<!-- Generated by org.testng.reporters.JUnitReportReporter -->
<testsuite skipped="0" hostname="mindc1d155" name="runner.TextExecution9" tests="1" failures="0" timestamp="2022-06-02T20:18:13 IST" time="18.671" errors="0">
  <testcase name="basePageNavigation" time="18.671" classname="runner.TextExecution9"/>
  <system-out/>
</testsuite> <!-- runner.TextExecution9 -->
