<?xml version="1.0" encoding="UTF-8"?>
<!-- Generated by org.testng.reporters.JUnitReportReporter -->
<testsuite skipped="0" hostname="mindc1d155" name="runner.TestExecution8" tests="1" failures="0" timestamp="2022-06-02T20:18:13 IST" time="11.352" errors="0">
  <testcase name="basePageNavigation" time="11.352" classname="runner.TestExecution8"/>
  <system-out/>
</testsuite> <!-- runner.TestExecution8 -->
